lug 08, 2014 1:53:58 AM org.apache.catalina.core.StandardContext reload
Informazioni: Reloading Context with name [/medicina] has started
lug 08, 2014 1:53:58 AM org.apache.catalina.loader.WebappClassLoader clearReferencesJdbc
Grave: The web application [/medicina] registered the JDBC driver [org.postgresql.Driver] but failed to unregister it when the web application was stopped. To prevent a memory leak, the JDBC Driver has been forcibly unregistered.
lug 08, 2014 1:53:59 AM org.apache.catalina.core.StandardContext reload
Informazioni: Reloading Context with name [/medicina] is completed
lug 08, 2014 1:55:14 AM org.apache.catalina.core.StandardServer await
Informazioni: A valid shutdown command was received via the shutdown port. Stopping the Server instance.
lug 08, 2014 1:55:14 AM org.apache.coyote.AbstractProtocol pause
Informazioni: Pausing ProtocolHandler ["http-bio-8080"]
lug 08, 2014 1:55:14 AM org.apache.coyote.AbstractProtocol pause
Informazioni: Pausing ProtocolHandler ["ajp-bio-8009"]
lug 08, 2014 1:55:14 AM org.apache.catalina.core.StandardService stopInternal
Informazioni: Stopping service Catalina
lug 08, 2014 1:55:14 AM org.apache.catalina.loader.WebappClassLoader clearReferencesJdbc
Grave: The web application [/medicina] registered the JDBC driver [org.postgresql.Driver] but failed to unregister it when the web application was stopped. To prevent a memory leak, the JDBC Driver has been forcibly unregistered.
lug 08, 2014 1:55:14 AM org.apache.coyote.AbstractProtocol stop
Informazioni: Stopping ProtocolHandler ["http-bio-8080"]
lug 08, 2014 1:55:14 AM org.apache.coyote.AbstractProtocol stop
Informazioni: Stopping ProtocolHandler ["ajp-bio-8009"]
lug 08, 2014 1:55:14 AM org.apache.coyote.AbstractProtocol destroy
Informazioni: Destroying ProtocolHandler ["http-bio-8080"]
lug 08, 2014 1:55:14 AM org.apache.coyote.AbstractProtocol destroy
Informazioni: Destroying ProtocolHandler ["ajp-bio-8009"]
lug 08, 2014 1:55:16 AM org.apache.catalina.startup.Catalina initDirs
Grave: Cannot find specified temporary folder at /home/enrico/progettoBasi/tomcat/temp
lug 08, 2014 1:55:17 AM org.apache.catalina.core.AprLifecycleListener init
Informazioni: The APR based Apache Tomcat Native library which allows optimal performance in production environments was not found on the java.library.path: /usr/java/packages/lib/i386:/lib:/usr/lib
lug 08, 2014 1:55:17 AM org.apache.tomcat.util.digester.SetPropertiesRule begin
Avvertenza: [SetPropertiesRule]{Server/Service/Engine/Host} Setting property 'xmlValidation' to 'false' did not find a matching property.
lug 08, 2014 1:55:17 AM org.apache.tomcat.util.digester.SetPropertiesRule begin
Avvertenza: [SetPropertiesRule]{Server/Service/Engine/Host} Setting property 'xmlNamespaceAware' to 'false' did not find a matching property.
lug 08, 2014 1:55:18 AM org.apache.coyote.AbstractProtocol init
Informazioni: Initializing ProtocolHandler ["http-bio-8080"]
lug 08, 2014 1:55:18 AM org.apache.coyote.AbstractProtocol init
Informazioni: Initializing ProtocolHandler ["ajp-bio-8009"]
lug 08, 2014 1:55:18 AM org.apache.catalina.startup.Catalina load
Informazioni: Initialization processed in 1245 ms
lug 08, 2014 1:55:18 AM org.apache.catalina.core.StandardService startInternal
Informazioni: Starting service Catalina
lug 08, 2014 1:55:18 AM org.apache.catalina.core.StandardEngine startInternal
Informazioni: Starting Servlet Engine: Apache Tomcat/7.0.26
lug 08, 2014 1:55:18 AM org.apache.catalina.startup.HostConfig deployDirectory
Informazioni: Deploying web application directory /home/enrico/progettoBasi/tomcat/webapps/ROOT
lug 08, 2014 1:55:18 AM org.apache.catalina.startup.SetContextPropertiesRule begin
Avvertenza: [SetContextPropertiesRule]{Context} Setting property 'isInvokerEnabled' to 'true' did not find a matching property.
lug 08, 2014 1:55:19 AM org.apache.catalina.util.SessionIdGenerator createSecureRandom
Informazioni: Creation of SecureRandom instance for session ID generation using [SHA1PRNG] took [383] milliseconds.
lug 08, 2014 1:55:19 AM org.apache.catalina.startup.HostConfig deployDirectory
Informazioni: Deploying web application directory /home/enrico/progettoBasi/tomcat/webapps/medicina
lug 08, 2014 1:55:19 AM org.apache.catalina.startup.SetContextPropertiesRule begin
Avvertenza: [SetContextPropertiesRule]{Context} Setting property 'isInvokerEnabled' to 'true' did not find a matching property.
lug 08, 2014 1:55:20 AM org.apache.coyote.AbstractProtocol start
Informazioni: Starting ProtocolHandler ["http-bio-8080"]
lug 08, 2014 1:55:20 AM org.apache.coyote.AbstractProtocol start
Informazioni: Starting ProtocolHandler ["ajp-bio-8009"]
lug 08, 2014 1:55:20 AM org.apache.catalina.startup.Catalina start
Informazioni: Server startup in 1865 ms
lug 08, 2014 1:56:40 AM org.apache.catalina.core.StandardContext reload
Informazioni: Reloading Context with name [/medicina] has started
lug 08, 2014 1:56:40 AM org.apache.catalina.loader.WebappClassLoader clearReferencesJdbc
Grave: The web application [/medicina] registered the JDBC driver [org.postgresql.Driver] but failed to unregister it when the web application was stopped. To prevent a memory leak, the JDBC Driver has been forcibly unregistered.
lug 08, 2014 1:56:40 AM org.apache.catalina.core.StandardContext reload
Informazioni: Reloading Context with name [/medicina] is completed
