lug 09, 2014 12:38:44 AM org.apache.catalina.core.StandardContext reload
Informazioni: Reloading Context with name [/medicina] has started
lug 09, 2014 12:38:44 AM org.apache.catalina.loader.WebappClassLoader clearReferencesJdbc
Grave: The web application [/medicina] registered the JDBC driver [org.postgresql.Driver] but failed to unregister it when the web application was stopped. To prevent a memory leak, the JDBC Driver has been forcibly unregistered.
lug 09, 2014 12:38:45 AM org.apache.catalina.loader.WebappClassLoader clearReferencesThreads
Grave: The web application [/medicina] is still processing a request that has yet to finish. This is very likely to create a memory leak. You can control the time allowed for requests to finish by using the unloadDelay attribute of the standard Context implementation.
lug 09, 2014 12:38:48 AM org.apache.catalina.core.StandardContext reload
Informazioni: Reloading Context with name [/medicina] is completed
lug 09, 2014 9:51:32 AM org.apache.catalina.startup.Catalina initDirs
Grave: Cannot find specified temporary folder at /home/enrico/progettoBasi/tomcat/temp
lug 09, 2014 9:51:33 AM org.apache.catalina.core.AprLifecycleListener init
Informazioni: The APR based Apache Tomcat Native library which allows optimal performance in production environments was not found on the java.library.path: /usr/java/packages/lib/i386:/lib:/usr/lib
lug 09, 2014 9:51:33 AM org.apache.tomcat.util.digester.SetPropertiesRule begin
Avvertenza: [SetPropertiesRule]{Server/Service/Engine/Host} Setting property 'xmlValidation' to 'false' did not find a matching property.
lug 09, 2014 9:51:33 AM org.apache.tomcat.util.digester.SetPropertiesRule begin
Avvertenza: [SetPropertiesRule]{Server/Service/Engine/Host} Setting property 'xmlNamespaceAware' to 'false' did not find a matching property.
lug 09, 2014 9:51:33 AM org.apache.coyote.AbstractProtocol init
Informazioni: Initializing ProtocolHandler ["http-bio-8080"]
lug 09, 2014 9:51:33 AM org.apache.coyote.AbstractProtocol init
Grave: Failed to initialize end point associated with ProtocolHandler ["http-bio-8080"]
java.net.BindException: Indirizzo già in uso <null>:8080
	at org.apache.tomcat.util.net.JIoEndpoint.bind(JIoEndpoint.java:391)
	at org.apache.tomcat.util.net.AbstractEndpoint.init(AbstractEndpoint.java:554)
	at org.apache.coyote.AbstractProtocol.init(AbstractProtocol.java:409)
	at org.apache.coyote.http11.AbstractHttp11JsseProtocol.init(AbstractHttp11JsseProtocol.java:119)
	at org.apache.catalina.connector.Connector.initInternal(Connector.java:956)
	at org.apache.catalina.util.LifecycleBase.init(LifecycleBase.java:102)
	at org.apache.catalina.core.StandardService.initInternal(StandardService.java:559)
	at org.apache.catalina.util.LifecycleBase.init(LifecycleBase.java:102)
	at org.apache.catalina.core.StandardServer.initInternal(StandardServer.java:815)
	at org.apache.catalina.util.LifecycleBase.init(LifecycleBase.java:102)
	at org.apache.catalina.startup.Catalina.load(Catalina.java:594)
	at org.apache.catalina.startup.Catalina.start(Catalina.java:633)
	at sun.reflect.NativeMethodAccessorImpl.invoke0(Native Method)
	at sun.reflect.NativeMethodAccessorImpl.invoke(NativeMethodAccessorImpl.java:57)
	at sun.reflect.DelegatingMethodAccessorImpl.invoke(DelegatingMethodAccessorImpl.java:43)
	at java.lang.reflect.Method.invoke(Method.java:606)
	at org.apache.catalina.startup.Bootstrap.start(Bootstrap.java:322)
	at org.apache.catalina.startup.Bootstrap.main(Bootstrap.java:450)
Caused by: java.net.BindException: Indirizzo già in uso
	at java.net.PlainSocketImpl.socketBind(Native Method)
	at java.net.AbstractPlainSocketImpl.bind(AbstractPlainSocketImpl.java:376)
	at java.net.ServerSocket.bind(ServerSocket.java:376)
	at java.net.ServerSocket.<init>(ServerSocket.java:237)
	at java.net.ServerSocket.<init>(ServerSocket.java:181)
	at org.apache.tomcat.util.net.DefaultServerSocketFactory.createSocket(DefaultServerSocketFactory.java:49)
	at org.apache.tomcat.util.net.JIoEndpoint.bind(JIoEndpoint.java:378)
	... 17 more

lug 09, 2014 9:51:33 AM org.apache.catalina.core.StandardService initInternal
Grave: Failed to initialize connector [Connector[HTTP/1.1-8080]]
org.apache.catalina.LifecycleException: Failed to initialize component [Connector[HTTP/1.1-8080]]
	at org.apache.catalina.util.LifecycleBase.init(LifecycleBase.java:106)
	at org.apache.catalina.core.StandardService.initInternal(StandardService.java:559)
	at org.apache.catalina.util.LifecycleBase.init(LifecycleBase.java:102)
	at org.apache.catalina.core.StandardServer.initInternal(StandardServer.java:815)
	at org.apache.catalina.util.LifecycleBase.init(LifecycleBase.java:102)
	at org.apache.catalina.startup.Catalina.load(Catalina.java:594)
	at org.apache.catalina.startup.Catalina.start(Catalina.java:633)
	at sun.reflect.NativeMethodAccessorImpl.invoke0(Native Method)
	at sun.reflect.NativeMethodAccessorImpl.invoke(NativeMethodAccessorImpl.java:57)
	at sun.reflect.DelegatingMethodAccessorImpl.invoke(DelegatingMethodAccessorImpl.java:43)
	at java.lang.reflect.Method.invoke(Method.java:606)
	at org.apache.catalina.startup.Bootstrap.start(Bootstrap.java:322)
	at org.apache.catalina.startup.Bootstrap.main(Bootstrap.java:450)
Caused by: org.apache.catalina.LifecycleException: Protocol handler initialization failed
	at org.apache.catalina.connector.Connector.initInternal(Connector.java:958)
	at org.apache.catalina.util.LifecycleBase.init(LifecycleBase.java:102)
	... 12 more
Caused by: java.net.BindException: Indirizzo già in uso <null>:8080
	at org.apache.tomcat.util.net.JIoEndpoint.bind(JIoEndpoint.java:391)
	at org.apache.tomcat.util.net.AbstractEndpoint.init(AbstractEndpoint.java:554)
	at org.apache.coyote.AbstractProtocol.init(AbstractProtocol.java:409)
	at org.apache.coyote.http11.AbstractHttp11JsseProtocol.init(AbstractHttp11JsseProtocol.java:119)
	at org.apache.catalina.connector.Connector.initInternal(Connector.java:956)
	... 13 more
Caused by: java.net.BindException: Indirizzo già in uso
	at java.net.PlainSocketImpl.socketBind(Native Method)
	at java.net.AbstractPlainSocketImpl.bind(AbstractPlainSocketImpl.java:376)
	at java.net.ServerSocket.bind(ServerSocket.java:376)
	at java.net.ServerSocket.<init>(ServerSocket.java:237)
	at java.net.ServerSocket.<init>(ServerSocket.java:181)
	at org.apache.tomcat.util.net.DefaultServerSocketFactory.createSocket(DefaultServerSocketFactory.java:49)
	at org.apache.tomcat.util.net.JIoEndpoint.bind(JIoEndpoint.java:378)
	... 17 more

lug 09, 2014 9:51:33 AM org.apache.coyote.AbstractProtocol init
Informazioni: Initializing ProtocolHandler ["ajp-bio-8009"]
lug 09, 2014 9:51:33 AM org.apache.catalina.startup.Catalina load
Informazioni: Initialization processed in 1269 ms
lug 09, 2014 9:51:34 AM org.apache.catalina.core.StandardService startInternal
Informazioni: Starting service Catalina
lug 09, 2014 9:51:34 AM org.apache.catalina.core.StandardEngine startInternal
Informazioni: Starting Servlet Engine: Apache Tomcat/7.0.26
lug 09, 2014 9:51:34 AM org.apache.catalina.startup.HostConfig deployDirectory
Informazioni: Deploying web application directory /home/enrico/progettoBasi/tomcat/webapps/ROOT
lug 09, 2014 9:51:34 AM org.apache.catalina.startup.SetContextPropertiesRule begin
Avvertenza: [SetContextPropertiesRule]{Context} Setting property 'isInvokerEnabled' to 'true' did not find a matching property.
lug 09, 2014 9:51:34 AM org.apache.catalina.util.SessionIdGenerator createSecureRandom
Informazioni: Creation of SecureRandom instance for session ID generation using [SHA1PRNG] took [141] milliseconds.
lug 09, 2014 9:51:34 AM org.apache.catalina.startup.HostConfig deployDirectory
Informazioni: Deploying web application directory /home/enrico/progettoBasi/tomcat/webapps/medicina
lug 09, 2014 9:51:34 AM org.apache.catalina.startup.SetContextPropertiesRule begin
Avvertenza: [SetContextPropertiesRule]{Context} Setting property 'isInvokerEnabled' to 'true' did not find a matching property.
lug 09, 2014 9:51:35 AM org.apache.coyote.AbstractProtocol start
Informazioni: Starting ProtocolHandler ["ajp-bio-8009"]
lug 09, 2014 9:51:35 AM org.apache.catalina.startup.Catalina start
Informazioni: Server startup in 1169 ms
lug 09, 2014 9:51:37 AM org.apache.catalina.startup.Catalina initDirs
Grave: Cannot find specified temporary folder at /home/enrico/progettoBasi/tomcat/temp
lug 09, 2014 9:51:37 AM org.apache.catalina.core.AprLifecycleListener init
Informazioni: The APR based Apache Tomcat Native library which allows optimal performance in production environments was not found on the java.library.path: /usr/java/packages/lib/i386:/lib:/usr/lib
lug 09, 2014 9:51:37 AM org.apache.tomcat.util.digester.SetPropertiesRule begin
Avvertenza: [SetPropertiesRule]{Server/Service/Engine/Host} Setting property 'xmlValidation' to 'false' did not find a matching property.
lug 09, 2014 9:51:37 AM org.apache.tomcat.util.digester.SetPropertiesRule begin
Avvertenza: [SetPropertiesRule]{Server/Service/Engine/Host} Setting property 'xmlNamespaceAware' to 'false' did not find a matching property.
lug 09, 2014 9:51:37 AM org.apache.coyote.AbstractProtocol init
Informazioni: Initializing ProtocolHandler ["http-bio-8080"]
lug 09, 2014 9:51:37 AM org.apache.coyote.AbstractProtocol init
Informazioni: Initializing ProtocolHandler ["ajp-bio-8009"]
lug 09, 2014 9:51:37 AM org.apache.coyote.AbstractProtocol init
Grave: Failed to initialize end point associated with ProtocolHandler ["ajp-bio-8009"]
java.net.BindException: Indirizzo già in uso <null>:8009
	at org.apache.tomcat.util.net.JIoEndpoint.bind(JIoEndpoint.java:391)
	at org.apache.tomcat.util.net.AbstractEndpoint.init(AbstractEndpoint.java:554)
	at org.apache.coyote.AbstractProtocol.init(AbstractProtocol.java:409)
	at org.apache.catalina.connector.Connector.initInternal(Connector.java:956)
	at org.apache.catalina.util.LifecycleBase.init(LifecycleBase.java:102)
	at org.apache.catalina.core.StandardService.initInternal(StandardService.java:559)
	at org.apache.catalina.util.LifecycleBase.init(LifecycleBase.java:102)
	at org.apache.catalina.core.StandardServer.initInternal(StandardServer.java:815)
	at org.apache.catalina.util.LifecycleBase.init(LifecycleBase.java:102)
	at org.apache.catalina.startup.Catalina.load(Catalina.java:594)
	at org.apache.catalina.startup.Catalina.start(Catalina.java:633)
	at sun.reflect.NativeMethodAccessorImpl.invoke0(Native Method)
	at sun.reflect.NativeMethodAccessorImpl.invoke(NativeMethodAccessorImpl.java:57)
	at sun.reflect.DelegatingMethodAccessorImpl.invoke(DelegatingMethodAccessorImpl.java:43)
	at java.lang.reflect.Method.invoke(Method.java:606)
	at org.apache.catalina.startup.Bootstrap.start(Bootstrap.java:322)
	at org.apache.catalina.startup.Bootstrap.main(Bootstrap.java:450)
Caused by: java.net.BindException: Indirizzo già in uso
	at java.net.PlainSocketImpl.socketBind(Native Method)
	at java.net.AbstractPlainSocketImpl.bind(AbstractPlainSocketImpl.java:376)
	at java.net.ServerSocket.bind(ServerSocket.java:376)
	at java.net.ServerSocket.<init>(ServerSocket.java:237)
	at java.net.ServerSocket.<init>(ServerSocket.java:181)
	at org.apache.tomcat.util.net.DefaultServerSocketFactory.createSocket(DefaultServerSocketFactory.java:49)
	at org.apache.tomcat.util.net.JIoEndpoint.bind(JIoEndpoint.java:378)
	... 16 more

lug 09, 2014 9:51:37 AM org.apache.catalina.core.StandardService initInternal
Grave: Failed to initialize connector [Connector[AJP/1.3-8009]]
org.apache.catalina.LifecycleException: Failed to initialize component [Connector[AJP/1.3-8009]]
	at org.apache.catalina.util.LifecycleBase.init(LifecycleBase.java:106)
	at org.apache.catalina.core.StandardService.initInternal(StandardService.java:559)
	at org.apache.catalina.util.LifecycleBase.init(LifecycleBase.java:102)
	at org.apache.catalina.core.StandardServer.initInternal(StandardServer.java:815)
	at org.apache.catalina.util.LifecycleBase.init(LifecycleBase.java:102)
	at org.apache.catalina.startup.Catalina.load(Catalina.java:594)
	at org.apache.catalina.startup.Catalina.start(Catalina.java:633)
	at sun.reflect.NativeMethodAccessorImpl.invoke0(Native Method)
	at sun.reflect.NativeMethodAccessorImpl.invoke(NativeMethodAccessorImpl.java:57)
	at sun.reflect.DelegatingMethodAccessorImpl.invoke(DelegatingMethodAccessorImpl.java:43)
	at java.lang.reflect.Method.invoke(Method.java:606)
	at org.apache.catalina.startup.Bootstrap.start(Bootstrap.java:322)
	at org.apache.catalina.startup.Bootstrap.main(Bootstrap.java:450)
Caused by: org.apache.catalina.LifecycleException: Protocol handler initialization failed
	at org.apache.catalina.connector.Connector.initInternal(Connector.java:958)
	at org.apache.catalina.util.LifecycleBase.init(LifecycleBase.java:102)
	... 12 more
Caused by: java.net.BindException: Indirizzo già in uso <null>:8009
	at org.apache.tomcat.util.net.JIoEndpoint.bind(JIoEndpoint.java:391)
	at org.apache.tomcat.util.net.AbstractEndpoint.init(AbstractEndpoint.java:554)
	at org.apache.coyote.AbstractProtocol.init(AbstractProtocol.java:409)
	at org.apache.catalina.connector.Connector.initInternal(Connector.java:956)
	... 13 more
Caused by: java.net.BindException: Indirizzo già in uso
	at java.net.PlainSocketImpl.socketBind(Native Method)
	at java.net.AbstractPlainSocketImpl.bind(AbstractPlainSocketImpl.java:376)
	at java.net.ServerSocket.bind(ServerSocket.java:376)
	at java.net.ServerSocket.<init>(ServerSocket.java:237)
	at java.net.ServerSocket.<init>(ServerSocket.java:181)
	at org.apache.tomcat.util.net.DefaultServerSocketFactory.createSocket(DefaultServerSocketFactory.java:49)
	at org.apache.tomcat.util.net.JIoEndpoint.bind(JIoEndpoint.java:378)
	... 16 more

lug 09, 2014 9:51:37 AM org.apache.catalina.startup.Catalina load
Informazioni: Initialization processed in 675 ms
lug 09, 2014 9:51:38 AM org.apache.catalina.core.StandardService startInternal
Informazioni: Starting service Catalina
lug 09, 2014 9:51:38 AM org.apache.catalina.core.StandardEngine startInternal
Informazioni: Starting Servlet Engine: Apache Tomcat/7.0.26
lug 09, 2014 9:51:38 AM org.apache.catalina.startup.HostConfig deployDirectory
Informazioni: Deploying web application directory /home/enrico/progettoBasi/tomcat/webapps/ROOT
lug 09, 2014 9:51:38 AM org.apache.catalina.startup.SetContextPropertiesRule begin
Avvertenza: [SetContextPropertiesRule]{Context} Setting property 'isInvokerEnabled' to 'true' did not find a matching property.
lug 09, 2014 9:51:41 AM org.apache.catalina.util.SessionIdGenerator createSecureRandom
Informazioni: Creation of SecureRandom instance for session ID generation using [SHA1PRNG] took [2,916] milliseconds.
lug 09, 2014 9:51:41 AM org.apache.catalina.startup.HostConfig deployDirectory
Informazioni: Deploying web application directory /home/enrico/progettoBasi/tomcat/webapps/medicina
lug 09, 2014 9:51:41 AM org.apache.catalina.startup.SetContextPropertiesRule begin
Avvertenza: [SetContextPropertiesRule]{Context} Setting property 'isInvokerEnabled' to 'true' did not find a matching property.
lug 09, 2014 9:51:41 AM org.apache.coyote.AbstractProtocol start
Informazioni: Starting ProtocolHandler ["http-bio-8080"]
lug 09, 2014 9:51:41 AM org.apache.catalina.startup.Catalina start
Informazioni: Server startup in 3517 ms
lug 09, 2014 9:51:41 AM org.apache.catalina.core.StandardServer await
Grave: StandardServer.await: create[localhost:8005]: 
java.net.BindException: Indirizzo già in uso
	at java.net.PlainSocketImpl.socketBind(Native Method)
	at java.net.AbstractPlainSocketImpl.bind(AbstractPlainSocketImpl.java:376)
	at java.net.ServerSocket.bind(ServerSocket.java:376)
	at java.net.ServerSocket.<init>(ServerSocket.java:237)
	at org.apache.catalina.core.StandardServer.await(StandardServer.java:427)
	at org.apache.catalina.startup.Catalina.await(Catalina.java:727)
	at org.apache.catalina.startup.Catalina.start(Catalina.java:673)
	at sun.reflect.NativeMethodAccessorImpl.invoke0(Native Method)
	at sun.reflect.NativeMethodAccessorImpl.invoke(NativeMethodAccessorImpl.java:57)
	at sun.reflect.DelegatingMethodAccessorImpl.invoke(DelegatingMethodAccessorImpl.java:43)
	at java.lang.reflect.Method.invoke(Method.java:606)
	at org.apache.catalina.startup.Bootstrap.start(Bootstrap.java:322)
	at org.apache.catalina.startup.Bootstrap.main(Bootstrap.java:450)

lug 09, 2014 9:51:41 AM org.apache.coyote.AbstractProtocol pause
Informazioni: Pausing ProtocolHandler ["http-bio-8080"]
lug 09, 2014 9:51:41 AM org.apache.coyote.AbstractProtocol pause
Informazioni: Pausing ProtocolHandler ["ajp-bio-8009"]
lug 09, 2014 9:51:41 AM org.apache.catalina.core.StandardService stopInternal
Informazioni: Stopping service Catalina
lug 09, 2014 9:51:42 AM org.apache.coyote.AbstractProtocol stop
Informazioni: Stopping ProtocolHandler ["http-bio-8080"]
lug 09, 2014 9:51:42 AM org.apache.coyote.AbstractProtocol destroy
Informazioni: Destroying ProtocolHandler ["http-bio-8080"]
lug 09, 2014 9:51:42 AM org.apache.coyote.AbstractProtocol stop
Informazioni: Stopping ProtocolHandler ["ajp-bio-8009"]
lug 09, 2014 9:51:42 AM org.apache.coyote.AbstractProtocol destroy
Informazioni: Destroying ProtocolHandler ["ajp-bio-8009"]
lug 09, 2014 9:52:25 AM org.apache.catalina.core.StandardServer await
Informazioni: A valid shutdown command was received via the shutdown port. Stopping the Server instance.
lug 09, 2014 9:52:25 AM org.apache.coyote.AbstractProtocol pause
Informazioni: Pausing ProtocolHandler ["http-bio-8080"]
lug 09, 2014 9:52:25 AM org.apache.coyote.AbstractProtocol pause
Informazioni: Pausing ProtocolHandler ["ajp-bio-8009"]
lug 09, 2014 9:52:25 AM org.apache.catalina.core.StandardService stopInternal
Informazioni: Stopping service Catalina
lug 09, 2014 9:52:25 AM org.apache.coyote.AbstractProtocol stop
Informazioni: Stopping ProtocolHandler ["ajp-bio-8009"]
lug 09, 2014 9:52:25 AM org.apache.coyote.AbstractProtocol stop
Informazioni: Stopping ProtocolHandler ["http-bio-8080"]
lug 09, 2014 9:52:25 AM org.apache.coyote.AbstractProtocol destroy
Informazioni: Destroying ProtocolHandler ["http-bio-8080"]
lug 09, 2014 9:52:25 AM org.apache.coyote.AbstractProtocol destroy
Informazioni: Destroying ProtocolHandler ["ajp-bio-8009"]
lug 09, 2014 9:52:28 AM org.apache.catalina.startup.Catalina initDirs
Grave: Cannot find specified temporary folder at /home/enrico/progettoBasi/tomcat/temp
lug 09, 2014 9:52:28 AM org.apache.catalina.core.AprLifecycleListener init
Informazioni: The APR based Apache Tomcat Native library which allows optimal performance in production environments was not found on the java.library.path: /usr/java/packages/lib/i386:/lib:/usr/lib
lug 09, 2014 9:52:28 AM org.apache.tomcat.util.digester.SetPropertiesRule begin
Avvertenza: [SetPropertiesRule]{Server/Service/Engine/Host} Setting property 'xmlValidation' to 'false' did not find a matching property.
lug 09, 2014 9:52:28 AM org.apache.tomcat.util.digester.SetPropertiesRule begin
Avvertenza: [SetPropertiesRule]{Server/Service/Engine/Host} Setting property 'xmlNamespaceAware' to 'false' did not find a matching property.
lug 09, 2014 9:52:29 AM org.apache.coyote.AbstractProtocol init
Informazioni: Initializing ProtocolHandler ["http-bio-8080"]
lug 09, 2014 9:52:29 AM org.apache.coyote.AbstractProtocol init
Informazioni: Initializing ProtocolHandler ["ajp-bio-8009"]
lug 09, 2014 9:52:29 AM org.apache.catalina.startup.Catalina load
Informazioni: Initialization processed in 967 ms
lug 09, 2014 9:52:29 AM org.apache.catalina.core.StandardService startInternal
Informazioni: Starting service Catalina
lug 09, 2014 9:52:29 AM org.apache.catalina.core.StandardEngine startInternal
Informazioni: Starting Servlet Engine: Apache Tomcat/7.0.26
lug 09, 2014 9:52:29 AM org.apache.catalina.startup.HostConfig deployDirectory
Informazioni: Deploying web application directory /home/enrico/progettoBasi/tomcat/webapps/ROOT
lug 09, 2014 9:52:29 AM org.apache.catalina.startup.SetContextPropertiesRule begin
Avvertenza: [SetContextPropertiesRule]{Context} Setting property 'isInvokerEnabled' to 'true' did not find a matching property.
lug 09, 2014 9:52:29 AM org.apache.catalina.startup.HostConfig deployDirectory
Informazioni: Deploying web application directory /home/enrico/progettoBasi/tomcat/webapps/medicina
lug 09, 2014 9:52:29 AM org.apache.catalina.startup.SetContextPropertiesRule begin
Avvertenza: [SetContextPropertiesRule]{Context} Setting property 'isInvokerEnabled' to 'true' did not find a matching property.
lug 09, 2014 9:52:29 AM org.apache.coyote.AbstractProtocol start
Informazioni: Starting ProtocolHandler ["http-bio-8080"]
lug 09, 2014 9:52:29 AM org.apache.coyote.AbstractProtocol start
Informazioni: Starting ProtocolHandler ["ajp-bio-8009"]
lug 09, 2014 9:52:29 AM org.apache.catalina.startup.Catalina start
Informazioni: Server startup in 707 ms
lug 09, 2014 11:28:17 AM org.apache.catalina.loader.WebappClassLoader modified
Informazioni:     Additional JARs have been added : 'antlr-2.7.6.jar'
lug 09, 2014 11:28:18 AM org.apache.catalina.core.StandardContext reload
Informazioni: Reloading Context with name [/medicina] has started
lug 09, 2014 11:28:18 AM org.apache.catalina.loader.WebappClassLoader clearReferencesJdbc
Grave: The web application [/medicina] registered the JDBC driver [org.postgresql.Driver] but failed to unregister it when the web application was stopped. To prevent a memory leak, the JDBC Driver has been forcibly unregistered.
lug 09, 2014 11:28:19 AM org.apache.catalina.core.StandardContext reload
Informazioni: Reloading Context with name [/medicina] is completed
lug 09, 2014 3:39:53 PM org.apache.catalina.core.StandardContext reload
Informazioni: Reloading Context with name [/medicina] has started
lug 09, 2014 3:39:53 PM org.apache.catalina.loader.WebappClassLoader clearReferencesJdbc
Grave: The web application [/medicina] registered the JDBC driver [org.postgresql.Driver] but failed to unregister it when the web application was stopped. To prevent a memory leak, the JDBC Driver has been forcibly unregistered.
lug 09, 2014 3:39:54 PM org.apache.catalina.core.StandardContext reload
Informazioni: Reloading Context with name [/medicina] is completed
lug 09, 2014 3:43:20 PM org.apache.catalina.core.StandardServer await
Informazioni: A valid shutdown command was received via the shutdown port. Stopping the Server instance.
lug 09, 2014 3:43:20 PM org.apache.coyote.AbstractProtocol pause
Informazioni: Pausing ProtocolHandler ["http-bio-8080"]
lug 09, 2014 3:43:20 PM org.apache.coyote.AbstractProtocol pause
Informazioni: Pausing ProtocolHandler ["ajp-bio-8009"]
lug 09, 2014 3:43:20 PM org.apache.catalina.core.StandardService stopInternal
Informazioni: Stopping service Catalina
