lug 07, 2014 1:06:46 AM org.apache.catalina.core.StandardContext reload
Informazioni: Reloading Context with name [/medicina] has started
lug 07, 2014 1:06:46 AM org.apache.catalina.loader.WebappClassLoader clearReferencesJdbc
Grave: The web application [/medicina] registered the JDBC driver [org.postgresql.Driver] but failed to unregister it when the web application was stopped. To prevent a memory leak, the JDBC Driver has been forcibly unregistered.
lug 07, 2014 1:06:46 AM org.apache.catalina.core.StandardContext reload
Informazioni: Reloading Context with name [/medicina] is completed
lug 07, 2014 1:06:56 AM org.apache.catalina.core.StandardContext reload
Informazioni: Reloading Context with name [/medicina] has started
lug 07, 2014 1:06:56 AM org.apache.catalina.core.StandardContext reload
Informazioni: Reloading Context with name [/medicina] is completed
lug 07, 2014 1:09:56 AM org.apache.catalina.core.StandardContext reload
Informazioni: Reloading Context with name [/medicina] has started
lug 07, 2014 1:09:56 AM org.apache.catalina.loader.WebappClassLoader clearReferencesJdbc
Grave: The web application [/medicina] registered the JDBC driver [org.postgresql.Driver] but failed to unregister it when the web application was stopped. To prevent a memory leak, the JDBC Driver has been forcibly unregistered.
lug 07, 2014 1:09:56 AM org.apache.catalina.core.StandardContext reload
Informazioni: Reloading Context with name [/medicina] is completed
lug 07, 2014 1:10:36 AM org.apache.catalina.core.StandardContext reload
Informazioni: Reloading Context with name [/medicina] has started
lug 07, 2014 1:10:36 AM org.apache.catalina.core.StandardContext reload
Informazioni: Reloading Context with name [/medicina] is completed
lug 07, 2014 1:30:16 AM org.apache.catalina.core.StandardContext reload
Informazioni: Reloading Context with name [/medicina] has started
lug 07, 2014 1:30:16 AM org.apache.catalina.loader.WebappClassLoader clearReferencesJdbc
Grave: The web application [/medicina] registered the JDBC driver [org.postgresql.Driver] but failed to unregister it when the web application was stopped. To prevent a memory leak, the JDBC Driver has been forcibly unregistered.
lug 07, 2014 1:30:16 AM org.apache.catalina.core.StandardContext reload
Informazioni: Reloading Context with name [/medicina] is completed
lug 07, 2014 1:31:56 AM org.apache.catalina.core.StandardContext reload
Informazioni: Reloading Context with name [/medicina] has started
lug 07, 2014 1:31:56 AM org.apache.catalina.core.StandardWrapper unload
Informazioni: Waiting for 1 instance(s) to be deallocated
lug 07, 2014 1:31:56 AM org.apache.catalina.loader.WebappClassLoader clearReferencesJdbc
Grave: The web application [/medicina] registered the JDBC driver [org.postgresql.Driver] but failed to unregister it when the web application was stopped. To prevent a memory leak, the JDBC Driver has been forcibly unregistered.
lug 07, 2014 1:31:56 AM org.apache.catalina.loader.WebappClassLoader clearReferencesThreads
Grave: The web application [/medicina] appears to have started a thread named [http-bio-8080-exec-2] but has failed to stop it. This is very likely to create a memory leak.
lug 07, 2014 1:31:56 AM org.apache.catalina.core.StandardContext reload
Informazioni: Reloading Context with name [/medicina] is completed
lug 07, 2014 1:35:36 AM org.apache.catalina.core.StandardContext reload
Informazioni: Reloading Context with name [/medicina] has started
lug 07, 2014 1:35:36 AM org.apache.catalina.loader.WebappClassLoader clearReferencesJdbc
Grave: The web application [/medicina] registered the JDBC driver [org.postgresql.Driver] but failed to unregister it when the web application was stopped. To prevent a memory leak, the JDBC Driver has been forcibly unregistered.
lug 07, 2014 1:35:36 AM org.apache.catalina.core.StandardContext reload
Informazioni: Reloading Context with name [/medicina] is completed
lug 07, 2014 11:20:42 AM org.apache.catalina.startup.Catalina initDirs
Grave: Cannot find specified temporary folder at /home/cristian/progettoBasi/tomcat/temp
lug 07, 2014 11:20:43 AM org.apache.catalina.core.AprLifecycleListener init
Informazioni: The APR based Apache Tomcat Native library which allows optimal performance in production environments was not found on the java.library.path: /usr/java/packages/lib/i386:/usr/lib/i386-linux-gnu/jni:/lib/i386-linux-gnu:/usr/lib/i386-linux-gnu:/usr/lib/jni:/lib:/usr/lib
lug 07, 2014 11:20:43 AM org.apache.tomcat.util.digester.SetPropertiesRule begin
Avvertenza: [SetPropertiesRule]{Server/Service/Engine/Host} Setting property 'xmlValidation' to 'false' did not find a matching property.
lug 07, 2014 11:20:43 AM org.apache.tomcat.util.digester.SetPropertiesRule begin
Avvertenza: [SetPropertiesRule]{Server/Service/Engine/Host} Setting property 'xmlNamespaceAware' to 'false' did not find a matching property.
lug 07, 2014 11:20:43 AM org.apache.coyote.AbstractProtocol init
Informazioni: Initializing ProtocolHandler ["http-bio-8080"]
lug 07, 2014 11:20:43 AM org.apache.coyote.AbstractProtocol init
Grave: Failed to initialize end point associated with ProtocolHandler ["http-bio-8080"]
java.net.BindException: Indirizzo già in uso <null>:8080
	at org.apache.tomcat.util.net.JIoEndpoint.bind(JIoEndpoint.java:406)
	at org.apache.tomcat.util.net.AbstractEndpoint.init(AbstractEndpoint.java:610)
	at org.apache.coyote.AbstractProtocol.init(AbstractProtocol.java:429)
	at org.apache.coyote.http11.AbstractHttp11JsseProtocol.init(AbstractHttp11JsseProtocol.java:119)
	at org.apache.catalina.connector.Connector.initInternal(Connector.java:981)
	at org.apache.catalina.util.LifecycleBase.init(LifecycleBase.java:102)
	at org.apache.catalina.core.StandardService.initInternal(StandardService.java:559)
	at org.apache.catalina.util.LifecycleBase.init(LifecycleBase.java:102)
	at org.apache.catalina.core.StandardServer.initInternal(StandardServer.java:814)
	at org.apache.catalina.util.LifecycleBase.init(LifecycleBase.java:102)
	at org.apache.catalina.startup.Catalina.load(Catalina.java:633)
	at org.apache.catalina.startup.Catalina.start(Catalina.java:672)
	at sun.reflect.NativeMethodAccessorImpl.invoke0(Native Method)
	at sun.reflect.NativeMethodAccessorImpl.invoke(NativeMethodAccessorImpl.java:57)
	at sun.reflect.DelegatingMethodAccessorImpl.invoke(DelegatingMethodAccessorImpl.java:43)
	at java.lang.reflect.Method.invoke(Method.java:606)
	at org.apache.catalina.startup.Bootstrap.start(Bootstrap.java:322)
	at org.apache.catalina.startup.Bootstrap.main(Bootstrap.java:456)
Caused by: java.net.BindException: Indirizzo già in uso
	at java.net.PlainSocketImpl.socketBind(Native Method)
	at java.net.AbstractPlainSocketImpl.bind(AbstractPlainSocketImpl.java:376)
	at java.net.ServerSocket.bind(ServerSocket.java:376)
	at java.net.ServerSocket.<init>(ServerSocket.java:237)
	at java.net.ServerSocket.<init>(ServerSocket.java:181)
	at org.apache.tomcat.util.net.DefaultServerSocketFactory.createSocket(DefaultServerSocketFactory.java:49)
	at org.apache.tomcat.util.net.JIoEndpoint.bind(JIoEndpoint.java:393)
	... 17 more

lug 07, 2014 11:20:43 AM org.apache.catalina.core.StandardService initInternal
Grave: Failed to initialize connector [Connector[HTTP/1.1-8080]]
org.apache.catalina.LifecycleException: Failed to initialize component [Connector[HTTP/1.1-8080]]
	at org.apache.catalina.util.LifecycleBase.init(LifecycleBase.java:106)
	at org.apache.catalina.core.StandardService.initInternal(StandardService.java:559)
	at org.apache.catalina.util.LifecycleBase.init(LifecycleBase.java:102)
	at org.apache.catalina.core.StandardServer.initInternal(StandardServer.java:814)
	at org.apache.catalina.util.LifecycleBase.init(LifecycleBase.java:102)
	at org.apache.catalina.startup.Catalina.load(Catalina.java:633)
	at org.apache.catalina.startup.Catalina.start(Catalina.java:672)
	at sun.reflect.NativeMethodAccessorImpl.invoke0(Native Method)
	at sun.reflect.NativeMethodAccessorImpl.invoke(NativeMethodAccessorImpl.java:57)
	at sun.reflect.DelegatingMethodAccessorImpl.invoke(DelegatingMethodAccessorImpl.java:43)
	at java.lang.reflect.Method.invoke(Method.java:606)
	at org.apache.catalina.startup.Bootstrap.start(Bootstrap.java:322)
	at org.apache.catalina.startup.Bootstrap.main(Bootstrap.java:456)
Caused by: org.apache.catalina.LifecycleException: Protocol handler initialization failed
	at org.apache.catalina.connector.Connector.initInternal(Connector.java:983)
	at org.apache.catalina.util.LifecycleBase.init(LifecycleBase.java:102)
	... 12 more
Caused by: java.net.BindException: Indirizzo già in uso <null>:8080
	at org.apache.tomcat.util.net.JIoEndpoint.bind(JIoEndpoint.java:406)
	at org.apache.tomcat.util.net.AbstractEndpoint.init(AbstractEndpoint.java:610)
	at org.apache.coyote.AbstractProtocol.init(AbstractProtocol.java:429)
	at org.apache.coyote.http11.AbstractHttp11JsseProtocol.init(AbstractHttp11JsseProtocol.java:119)
	at org.apache.catalina.connector.Connector.initInternal(Connector.java:981)
	... 13 more
Caused by: java.net.BindException: Indirizzo già in uso
	at java.net.PlainSocketImpl.socketBind(Native Method)
	at java.net.AbstractPlainSocketImpl.bind(AbstractPlainSocketImpl.java:376)
	at java.net.ServerSocket.bind(ServerSocket.java:376)
	at java.net.ServerSocket.<init>(ServerSocket.java:237)
	at java.net.ServerSocket.<init>(ServerSocket.java:181)
	at org.apache.tomcat.util.net.DefaultServerSocketFactory.createSocket(DefaultServerSocketFactory.java:49)
	at org.apache.tomcat.util.net.JIoEndpoint.bind(JIoEndpoint.java:393)
	... 17 more

lug 07, 2014 11:20:43 AM org.apache.coyote.AbstractProtocol init
Informazioni: Initializing ProtocolHandler ["ajp-bio-8009"]
lug 07, 2014 11:20:43 AM org.apache.catalina.startup.Catalina load
Informazioni: Initialization processed in 1190 ms
lug 07, 2014 11:20:44 AM org.apache.catalina.core.StandardService startInternal
Informazioni: Starting service Catalina
lug 07, 2014 11:20:44 AM org.apache.catalina.core.StandardEngine startInternal
Informazioni: Starting Servlet Engine: Apache Tomcat/7.0.35
lug 07, 2014 11:20:44 AM org.apache.catalina.startup.HostConfig deployDirectory
Informazioni: Deploying web application directory /home/cristian/progettoBasi/tomcat/webapps/ROOT
lug 07, 2014 11:20:44 AM org.apache.catalina.startup.SetContextPropertiesRule begin
Avvertenza: [SetContextPropertiesRule]{Context} Setting property 'isInvokerEnabled' to 'true' did not find a matching property.
lug 07, 2014 11:20:46 AM org.apache.catalina.startup.HostConfig deployDirectory
Informazioni: Deploying web application directory /home/cristian/progettoBasi/tomcat/webapps/medicina
lug 07, 2014 11:20:46 AM org.apache.catalina.startup.SetContextPropertiesRule begin
Avvertenza: [SetContextPropertiesRule]{Context} Setting property 'isInvokerEnabled' to 'true' did not find a matching property.
lug 07, 2014 11:20:48 AM org.apache.coyote.AbstractProtocol start
Informazioni: Starting ProtocolHandler ["ajp-bio-8009"]
lug 07, 2014 11:20:48 AM org.apache.catalina.startup.Catalina start
Informazioni: Server startup in 4839 ms
lug 07, 2014 11:20:48 AM org.apache.catalina.core.StandardServer await
Grave: StandardServer.await: create[localhost:8005]: 
java.net.BindException: Indirizzo già in uso
	at java.net.PlainSocketImpl.socketBind(Native Method)
	at java.net.AbstractPlainSocketImpl.bind(AbstractPlainSocketImpl.java:376)
	at java.net.ServerSocket.bind(ServerSocket.java:376)
	at java.net.ServerSocket.<init>(ServerSocket.java:237)
	at org.apache.catalina.core.StandardServer.await(StandardServer.java:427)
	at org.apache.catalina.startup.Catalina.await(Catalina.java:766)
	at org.apache.catalina.startup.Catalina.start(Catalina.java:712)
	at sun.reflect.NativeMethodAccessorImpl.invoke0(Native Method)
	at sun.reflect.NativeMethodAccessorImpl.invoke(NativeMethodAccessorImpl.java:57)
	at sun.reflect.DelegatingMethodAccessorImpl.invoke(DelegatingMethodAccessorImpl.java:43)
	at java.lang.reflect.Method.invoke(Method.java:606)
	at org.apache.catalina.startup.Bootstrap.start(Bootstrap.java:322)
	at org.apache.catalina.startup.Bootstrap.main(Bootstrap.java:456)

lug 07, 2014 11:20:48 AM org.apache.coyote.AbstractProtocol pause
Informazioni: Pausing ProtocolHandler ["http-bio-8080"]
lug 07, 2014 11:20:48 AM org.apache.coyote.AbstractProtocol pause
Informazioni: Pausing ProtocolHandler ["ajp-bio-8009"]
lug 07, 2014 11:20:48 AM org.apache.catalina.core.StandardService stopInternal
Informazioni: Stopping service Catalina
lug 07, 2014 11:20:48 AM org.apache.coyote.AbstractProtocol stop
Informazioni: Stopping ProtocolHandler ["ajp-bio-8009"]
lug 07, 2014 11:20:48 AM org.apache.coyote.AbstractProtocol stop
Informazioni: Stopping ProtocolHandler ["http-bio-8080"]
lug 07, 2014 11:20:48 AM org.apache.coyote.AbstractProtocol destroy
Informazioni: Destroying ProtocolHandler ["http-bio-8080"]
lug 07, 2014 11:20:48 AM org.apache.coyote.AbstractProtocol destroy
Informazioni: Destroying ProtocolHandler ["ajp-bio-8009"]
lug 07, 2014 11:23:07 AM org.apache.catalina.startup.Catalina initDirs
Grave: Cannot find specified temporary folder at /home/cristian/progettoBasi/tomcat/temp
lug 07, 2014 11:23:08 AM org.apache.catalina.core.AprLifecycleListener init
Informazioni: The APR based Apache Tomcat Native library which allows optimal performance in production environments was not found on the java.library.path: /usr/java/packages/lib/i386:/usr/lib/i386-linux-gnu/jni:/lib/i386-linux-gnu:/usr/lib/i386-linux-gnu:/usr/lib/jni:/lib:/usr/lib
lug 07, 2014 11:23:08 AM org.apache.tomcat.util.digester.SetPropertiesRule begin
Avvertenza: [SetPropertiesRule]{Server/Service/Engine/Host} Setting property 'xmlValidation' to 'false' did not find a matching property.
lug 07, 2014 11:23:08 AM org.apache.tomcat.util.digester.SetPropertiesRule begin
Avvertenza: [SetPropertiesRule]{Server/Service/Engine/Host} Setting property 'xmlNamespaceAware' to 'false' did not find a matching property.
lug 07, 2014 11:23:08 AM org.apache.coyote.AbstractProtocol init
Informazioni: Initializing ProtocolHandler ["http-bio-8080"]
lug 07, 2014 11:23:08 AM org.apache.coyote.AbstractProtocol init
Informazioni: Initializing ProtocolHandler ["ajp-bio-8009"]
lug 07, 2014 11:23:08 AM org.apache.catalina.startup.Catalina load
Informazioni: Initialization processed in 1133 ms
lug 07, 2014 11:23:08 AM org.apache.catalina.core.StandardService startInternal
Informazioni: Starting service Catalina
lug 07, 2014 11:23:08 AM org.apache.catalina.core.StandardEngine startInternal
Informazioni: Starting Servlet Engine: Apache Tomcat/7.0.35
lug 07, 2014 11:23:08 AM org.apache.catalina.startup.HostConfig deployDirectory
Informazioni: Deploying web application directory /home/cristian/progettoBasi/tomcat/webapps/ROOT
lug 07, 2014 11:23:08 AM org.apache.catalina.startup.SetContextPropertiesRule begin
Avvertenza: [SetContextPropertiesRule]{Context} Setting property 'isInvokerEnabled' to 'true' did not find a matching property.
lug 07, 2014 11:23:10 AM org.apache.catalina.startup.HostConfig deployDirectory
Informazioni: Deploying web application directory /home/cristian/progettoBasi/tomcat/webapps/medicina
lug 07, 2014 11:23:10 AM org.apache.catalina.startup.SetContextPropertiesRule begin
Avvertenza: [SetContextPropertiesRule]{Context} Setting property 'isInvokerEnabled' to 'true' did not find a matching property.
lug 07, 2014 11:23:11 AM org.apache.coyote.AbstractProtocol start
Informazioni: Starting ProtocolHandler ["http-bio-8080"]
lug 07, 2014 11:23:11 AM org.apache.coyote.AbstractProtocol start
Informazioni: Starting ProtocolHandler ["ajp-bio-8009"]
lug 07, 2014 11:23:11 AM org.apache.catalina.startup.Catalina start
Informazioni: Server startup in 3269 ms
