lug 06, 2014 12:03:58 AM org.apache.catalina.startup.Catalina initDirs
Grave: Cannot find specified temporary folder at /home/enrico/progettoBasi/tomcat/temp
lug 06, 2014 12:03:59 AM org.apache.catalina.core.AprLifecycleListener init
Informazioni: The APR based Apache Tomcat Native library which allows optimal performance in production environments was not found on the java.library.path: /usr/java/packages/lib/i386:/lib:/usr/lib
lug 06, 2014 12:03:59 AM org.apache.tomcat.util.digester.SetPropertiesRule begin
Avvertenza: [SetPropertiesRule]{Server/Service/Engine/Host} Setting property 'xmlValidation' to 'false' did not find a matching property.
lug 06, 2014 12:03:59 AM org.apache.tomcat.util.digester.SetPropertiesRule begin
Avvertenza: [SetPropertiesRule]{Server/Service/Engine/Host} Setting property 'xmlNamespaceAware' to 'false' did not find a matching property.
lug 06, 2014 12:03:59 AM org.apache.coyote.AbstractProtocol init
Informazioni: Initializing ProtocolHandler ["http-bio-8080"]
lug 06, 2014 12:03:59 AM org.apache.coyote.AbstractProtocol init
Informazioni: Initializing ProtocolHandler ["ajp-bio-8009"]
lug 06, 2014 12:03:59 AM org.apache.catalina.startup.Catalina load
Informazioni: Initialization processed in 723 ms
lug 06, 2014 12:03:59 AM org.apache.catalina.core.StandardService startInternal
Informazioni: Starting service Catalina
lug 06, 2014 12:03:59 AM org.apache.catalina.core.StandardEngine startInternal
Informazioni: Starting Servlet Engine: Apache Tomcat/7.0.26
lug 06, 2014 12:03:59 AM org.apache.catalina.startup.HostConfig deployDirectory
Informazioni: Deploying web application directory /home/enrico/progettoBasi/tomcat/webapps/ROOT
lug 06, 2014 12:03:59 AM org.apache.catalina.startup.SetContextPropertiesRule begin
Avvertenza: [SetContextPropertiesRule]{Context} Setting property 'isInvokerEnabled' to 'true' did not find a matching property.
lug 06, 2014 12:03:59 AM org.apache.catalina.startup.HostConfig deployDirectory
Informazioni: Deploying web application directory /home/enrico/progettoBasi/tomcat/webapps/medicina
lug 06, 2014 12:03:59 AM org.apache.catalina.startup.SetContextPropertiesRule begin
Avvertenza: [SetContextPropertiesRule]{Context} Setting property 'isInvokerEnabled' to 'true' did not find a matching property.
lug 06, 2014 12:03:59 AM org.apache.coyote.AbstractProtocol start
Informazioni: Starting ProtocolHandler ["http-bio-8080"]
lug 06, 2014 12:03:59 AM org.apache.coyote.AbstractProtocol start
Informazioni: Starting ProtocolHandler ["ajp-bio-8009"]
lug 06, 2014 12:03:59 AM org.apache.catalina.startup.Catalina start
Informazioni: Server startup in 553 ms
lug 06, 2014 12:08:49 AM org.apache.catalina.core.StandardContext reload
Informazioni: Reloading Context with name [/medicina] has started
lug 06, 2014 12:08:50 AM org.apache.catalina.loader.WebappClassLoader clearReferencesJdbc
Grave: The web application [/medicina] registered the JDBC driver [org.postgresql.Driver] but failed to unregister it when the web application was stopped. To prevent a memory leak, the JDBC Driver has been forcibly unregistered.
lug 06, 2014 12:08:50 AM org.apache.catalina.core.StandardContext reload
Informazioni: Reloading Context with name [/medicina] is completed
lug 06, 2014 12:11:40 AM org.apache.catalina.core.StandardContext reload
Informazioni: Reloading Context with name [/medicina] has started
lug 06, 2014 12:11:40 AM org.apache.catalina.core.StandardContext reload
Informazioni: Reloading Context with name [/medicina] is completed
lug 06, 2014 12:12:20 AM org.apache.catalina.core.StandardContext reload
Informazioni: Reloading Context with name [/medicina] has started
lug 06, 2014 12:12:20 AM org.apache.catalina.core.StandardContext reload
Informazioni: Reloading Context with name [/medicina] is completed
lug 06, 2014 12:14:10 AM org.apache.catalina.core.StandardContext reload
Informazioni: Reloading Context with name [/medicina] has started
lug 06, 2014 12:14:10 AM org.apache.catalina.core.StandardContext reload
Informazioni: Reloading Context with name [/medicina] is completed
lug 06, 2014 12:16:40 AM org.apache.catalina.core.StandardContext reload
Informazioni: Reloading Context with name [/medicina] has started
lug 06, 2014 12:16:40 AM org.apache.catalina.core.StandardContext reload
Informazioni: Reloading Context with name [/medicina] is completed
lug 06, 2014 12:17:30 AM org.apache.catalina.core.StandardContext reload
Informazioni: Reloading Context with name [/medicina] has started
lug 06, 2014 12:17:30 AM org.apache.catalina.core.StandardContext reload
Informazioni: Reloading Context with name [/medicina] is completed
lug 06, 2014 12:18:40 AM org.apache.catalina.core.StandardContext reload
Informazioni: Reloading Context with name [/medicina] has started
lug 06, 2014 12:18:40 AM org.apache.catalina.core.StandardContext reload
Informazioni: Reloading Context with name [/medicina] is completed
lug 06, 2014 12:19:10 AM org.apache.catalina.core.StandardContext reload
Informazioni: Reloading Context with name [/medicina] has started
lug 06, 2014 12:19:10 AM org.apache.catalina.core.StandardContext reload
Informazioni: Reloading Context with name [/medicina] is completed
lug 06, 2014 12:32:30 AM org.apache.catalina.core.StandardContext reload
Informazioni: Reloading Context with name [/medicina] has started
lug 06, 2014 12:32:30 AM org.apache.catalina.core.StandardContext reload
Informazioni: Reloading Context with name [/medicina] is completed
lug 06, 2014 12:32:40 AM org.apache.catalina.core.StandardContext reload
Informazioni: Reloading Context with name [/medicina] has started
lug 06, 2014 12:32:40 AM org.apache.catalina.core.StandardContext reload
Informazioni: Reloading Context with name [/medicina] is completed
lug 06, 2014 12:41:15 AM org.apache.catalina.core.StandardServer await
Informazioni: A valid shutdown command was received via the shutdown port. Stopping the Server instance.
lug 06, 2014 12:41:15 AM org.apache.coyote.AbstractProtocol pause
Informazioni: Pausing ProtocolHandler ["http-bio-8080"]
lug 06, 2014 12:41:15 AM org.apache.coyote.AbstractProtocol pause
Informazioni: Pausing ProtocolHandler ["ajp-bio-8009"]
lug 06, 2014 12:41:15 AM org.apache.catalina.core.StandardService stopInternal
Informazioni: Stopping service Catalina
lug 06, 2014 12:41:15 AM org.apache.coyote.AbstractProtocol stop
Informazioni: Stopping ProtocolHandler ["http-bio-8080"]
lug 06, 2014 12:41:15 AM org.apache.coyote.AbstractProtocol stop
Informazioni: Stopping ProtocolHandler ["ajp-bio-8009"]
lug 06, 2014 12:41:15 AM org.apache.coyote.AbstractProtocol destroy
Informazioni: Destroying ProtocolHandler ["http-bio-8080"]
lug 06, 2014 12:41:15 AM org.apache.coyote.AbstractProtocol destroy
Informazioni: Destroying ProtocolHandler ["ajp-bio-8009"]
lug 06, 2014 12:41:49 AM org.apache.catalina.startup.Catalina initDirs
Grave: Cannot find specified temporary folder at /home/enrico/progettoBasi/tomcat/temp
lug 06, 2014 12:41:49 AM org.apache.catalina.core.AprLifecycleListener init
Informazioni: The APR based Apache Tomcat Native library which allows optimal performance in production environments was not found on the java.library.path: /usr/java/packages/lib/i386:/lib:/usr/lib
lug 06, 2014 12:41:49 AM org.apache.tomcat.util.digester.SetPropertiesRule begin
Avvertenza: [SetPropertiesRule]{Server/Service/Engine/Host} Setting property 'xmlValidation' to 'false' did not find a matching property.
lug 06, 2014 12:41:49 AM org.apache.tomcat.util.digester.SetPropertiesRule begin
Avvertenza: [SetPropertiesRule]{Server/Service/Engine/Host} Setting property 'xmlNamespaceAware' to 'false' did not find a matching property.
lug 06, 2014 12:41:49 AM org.apache.coyote.AbstractProtocol init
Informazioni: Initializing ProtocolHandler ["http-bio-8080"]
lug 06, 2014 12:41:49 AM org.apache.coyote.AbstractProtocol init
Informazioni: Initializing ProtocolHandler ["ajp-bio-8009"]
lug 06, 2014 12:41:49 AM org.apache.catalina.startup.Catalina load
Informazioni: Initialization processed in 651 ms
lug 06, 2014 12:41:49 AM org.apache.catalina.core.StandardService startInternal
Informazioni: Starting service Catalina
lug 06, 2014 12:41:49 AM org.apache.catalina.core.StandardEngine startInternal
Informazioni: Starting Servlet Engine: Apache Tomcat/7.0.26
lug 06, 2014 12:41:49 AM org.apache.catalina.startup.HostConfig deployDirectory
Informazioni: Deploying web application directory /home/enrico/progettoBasi/tomcat/webapps/ROOT
lug 06, 2014 12:41:50 AM org.apache.catalina.startup.SetContextPropertiesRule begin
Avvertenza: [SetContextPropertiesRule]{Context} Setting property 'isInvokerEnabled' to 'true' did not find a matching property.
lug 06, 2014 12:41:50 AM org.apache.catalina.startup.HostConfig deployDirectory
Informazioni: Deploying web application directory /home/enrico/progettoBasi/tomcat/webapps/medicina
lug 06, 2014 12:41:50 AM org.apache.catalina.startup.SetContextPropertiesRule begin
Avvertenza: [SetContextPropertiesRule]{Context} Setting property 'isInvokerEnabled' to 'true' did not find a matching property.
lug 06, 2014 12:41:50 AM org.apache.coyote.AbstractProtocol start
Informazioni: Starting ProtocolHandler ["http-bio-8080"]
lug 06, 2014 12:41:50 AM org.apache.coyote.AbstractProtocol start
Informazioni: Starting ProtocolHandler ["ajp-bio-8009"]
lug 06, 2014 12:41:50 AM org.apache.catalina.startup.Catalina start
Informazioni: Server startup in 576 ms
lug 06, 2014 12:43:10 AM org.apache.catalina.core.StandardContext reload
Informazioni: Reloading Context with name [/medicina] has started
lug 06, 2014 12:43:10 AM org.apache.catalina.loader.WebappClassLoader clearReferencesJdbc
Grave: The web application [/medicina] registered the JDBC driver [org.postgresql.Driver] but failed to unregister it when the web application was stopped. To prevent a memory leak, the JDBC Driver has been forcibly unregistered.
lug 06, 2014 12:43:10 AM org.apache.catalina.core.StandardContext reload
Informazioni: Reloading Context with name [/medicina] is completed
lug 06, 2014 12:47:30 AM org.apache.catalina.core.StandardContext reload
Informazioni: Reloading Context with name [/medicina] has started
lug 06, 2014 12:47:30 AM org.apache.catalina.core.StandardContext reload
Informazioni: Reloading Context with name [/medicina] is completed
lug 06, 2014 12:53:40 AM org.apache.catalina.core.StandardContext reload
Informazioni: Reloading Context with name [/medicina] has started
lug 06, 2014 12:53:40 AM org.apache.catalina.core.StandardContext reload
Informazioni: Reloading Context with name [/medicina] is completed
lug 06, 2014 12:56:50 AM org.apache.catalina.core.StandardContext reload
Informazioni: Reloading Context with name [/medicina] has started
lug 06, 2014 12:56:50 AM org.apache.catalina.core.StandardContext reload
Informazioni: Reloading Context with name [/medicina] is completed
lug 06, 2014 1:02:10 AM org.apache.catalina.core.StandardContext reload
Informazioni: Reloading Context with name [/medicina] has started
lug 06, 2014 1:02:10 AM org.apache.catalina.core.StandardContext reload
Informazioni: Reloading Context with name [/medicina] is completed
lug 06, 2014 1:02:50 AM org.apache.catalina.core.StandardContext reload
Informazioni: Reloading Context with name [/medicina] has started
lug 06, 2014 1:02:50 AM org.apache.catalina.core.StandardContext reload
Informazioni: Reloading Context with name [/medicina] is completed
lug 06, 2014 1:04:20 AM org.apache.catalina.core.StandardContext reload
Informazioni: Reloading Context with name [/medicina] has started
lug 06, 2014 1:04:21 AM org.apache.catalina.core.StandardContext reload
Informazioni: Reloading Context with name [/medicina] is completed
lug 06, 2014 1:04:51 AM org.apache.catalina.core.StandardContext reload
Informazioni: Reloading Context with name [/medicina] has started
lug 06, 2014 1:04:51 AM org.apache.catalina.core.StandardContext reload
Informazioni: Reloading Context with name [/medicina] is completed
lug 06, 2014 1:05:51 AM org.apache.catalina.core.StandardContext reload
Informazioni: Reloading Context with name [/medicina] has started
lug 06, 2014 1:05:51 AM org.apache.catalina.core.StandardContext reload
Informazioni: Reloading Context with name [/medicina] is completed
lug 06, 2014 1:10:11 AM org.apache.catalina.core.StandardContext reload
Informazioni: Reloading Context with name [/medicina] has started
lug 06, 2014 1:10:11 AM org.apache.catalina.core.StandardContext reload
Informazioni: Reloading Context with name [/medicina] is completed
lug 06, 2014 1:16:11 AM org.apache.catalina.core.StandardContext reload
Informazioni: Reloading Context with name [/medicina] has started
lug 06, 2014 1:16:11 AM org.apache.catalina.core.StandardContext reload
Informazioni: Reloading Context with name [/medicina] is completed
lug 06, 2014 1:18:31 AM org.apache.catalina.core.StandardContext reload
Informazioni: Reloading Context with name [/medicina] has started
lug 06, 2014 1:18:31 AM org.apache.catalina.core.StandardContext reload
Informazioni: Reloading Context with name [/medicina] is completed
lug 06, 2014 1:19:21 AM org.apache.catalina.core.StandardContext reload
Informazioni: Reloading Context with name [/medicina] has started
lug 06, 2014 1:19:21 AM org.apache.catalina.core.StandardContext reload
Informazioni: Reloading Context with name [/medicina] is completed
lug 06, 2014 1:20:31 AM org.apache.catalina.core.StandardContext reload
Informazioni: Reloading Context with name [/medicina] has started
lug 06, 2014 1:20:31 AM org.apache.catalina.core.StandardContext reload
Informazioni: Reloading Context with name [/medicina] is completed
lug 06, 2014 1:24:31 AM org.apache.catalina.core.StandardContext reload
Informazioni: Reloading Context with name [/medicina] has started
lug 06, 2014 1:24:31 AM org.apache.catalina.core.StandardContext reload
Informazioni: Reloading Context with name [/medicina] is completed
lug 06, 2014 1:25:21 AM org.apache.catalina.core.StandardContext reload
Informazioni: Reloading Context with name [/medicina] has started
lug 06, 2014 1:25:21 AM org.apache.catalina.loader.WebappClassLoader clearReferencesJdbc
Grave: The web application [/medicina] registered the JDBC driver [org.postgresql.Driver] but failed to unregister it when the web application was stopped. To prevent a memory leak, the JDBC Driver has been forcibly unregistered.
lug 06, 2014 1:25:21 AM org.apache.catalina.core.StandardContext reload
Informazioni: Reloading Context with name [/medicina] is completed
lug 06, 2014 1:26:11 AM org.apache.catalina.core.StandardContext reload
Informazioni: Reloading Context with name [/medicina] has started
lug 06, 2014 1:26:11 AM org.apache.catalina.loader.WebappClassLoader clearReferencesJdbc
Grave: The web application [/medicina] registered the JDBC driver [org.postgresql.Driver] but failed to unregister it when the web application was stopped. To prevent a memory leak, the JDBC Driver has been forcibly unregistered.
lug 06, 2014 1:26:11 AM org.apache.catalina.core.StandardContext reload
Informazioni: Reloading Context with name [/medicina] is completed
lug 06, 2014 1:27:11 AM org.apache.catalina.core.StandardContext reload
Informazioni: Reloading Context with name [/medicina] has started
lug 06, 2014 1:27:11 AM org.apache.catalina.loader.WebappClassLoader clearReferencesJdbc
Grave: The web application [/medicina] registered the JDBC driver [org.postgresql.Driver] but failed to unregister it when the web application was stopped. To prevent a memory leak, the JDBC Driver has been forcibly unregistered.
lug 06, 2014 1:27:11 AM org.apache.catalina.core.StandardContext reload
Informazioni: Reloading Context with name [/medicina] is completed
lug 06, 2014 1:29:21 AM org.apache.catalina.core.StandardContext reload
Informazioni: Reloading Context with name [/medicina] has started
lug 06, 2014 1:29:21 AM org.apache.catalina.core.StandardContext reload
Informazioni: Reloading Context with name [/medicina] is completed
lug 06, 2014 1:31:21 AM org.apache.catalina.core.StandardServer await
Informazioni: A valid shutdown command was received via the shutdown port. Stopping the Server instance.
lug 06, 2014 1:31:21 AM org.apache.coyote.AbstractProtocol pause
Informazioni: Pausing ProtocolHandler ["http-bio-8080"]
lug 06, 2014 1:31:21 AM org.apache.coyote.AbstractProtocol pause
Informazioni: Pausing ProtocolHandler ["ajp-bio-8009"]
lug 06, 2014 1:31:21 AM org.apache.catalina.core.StandardService stopInternal
Informazioni: Stopping service Catalina
lug 06, 2014 1:31:21 AM org.apache.catalina.loader.WebappClassLoader clearReferencesJdbc
Grave: The web application [/medicina] registered the JDBC driver [org.postgresql.Driver] but failed to unregister it when the web application was stopped. To prevent a memory leak, the JDBC Driver has been forcibly unregistered.
lug 06, 2014 1:31:21 AM org.apache.coyote.AbstractProtocol stop
Informazioni: Stopping ProtocolHandler ["http-bio-8080"]
lug 06, 2014 1:31:21 AM org.apache.coyote.AbstractProtocol stop
Informazioni: Stopping ProtocolHandler ["ajp-bio-8009"]
lug 06, 2014 1:31:21 AM org.apache.coyote.AbstractProtocol destroy
Informazioni: Destroying ProtocolHandler ["http-bio-8080"]
lug 06, 2014 1:31:21 AM org.apache.coyote.AbstractProtocol destroy
Informazioni: Destroying ProtocolHandler ["ajp-bio-8009"]
lug 06, 2014 1:31:23 AM org.apache.catalina.startup.Catalina initDirs
Grave: Cannot find specified temporary folder at /home/enrico/progettoBasi/tomcat/temp
lug 06, 2014 1:31:24 AM org.apache.catalina.core.AprLifecycleListener init
Informazioni: The APR based Apache Tomcat Native library which allows optimal performance in production environments was not found on the java.library.path: /usr/java/packages/lib/i386:/lib:/usr/lib
lug 06, 2014 1:31:24 AM org.apache.tomcat.util.digester.SetPropertiesRule begin
Avvertenza: [SetPropertiesRule]{Server/Service/Engine/Host} Setting property 'xmlValidation' to 'false' did not find a matching property.
lug 06, 2014 1:31:24 AM org.apache.tomcat.util.digester.SetPropertiesRule begin
Avvertenza: [SetPropertiesRule]{Server/Service/Engine/Host} Setting property 'xmlNamespaceAware' to 'false' did not find a matching property.
lug 06, 2014 1:31:24 AM org.apache.coyote.AbstractProtocol init
Informazioni: Initializing ProtocolHandler ["http-bio-8080"]
lug 06, 2014 1:31:24 AM org.apache.coyote.AbstractProtocol init
Informazioni: Initializing ProtocolHandler ["ajp-bio-8009"]
lug 06, 2014 1:31:24 AM org.apache.catalina.startup.Catalina load
Informazioni: Initialization processed in 653 ms
lug 06, 2014 1:31:24 AM org.apache.catalina.core.StandardService startInternal
Informazioni: Starting service Catalina
lug 06, 2014 1:31:24 AM org.apache.catalina.core.StandardEngine startInternal
Informazioni: Starting Servlet Engine: Apache Tomcat/7.0.26
lug 06, 2014 1:31:24 AM org.apache.catalina.startup.HostConfig deployDirectory
Informazioni: Deploying web application directory /home/enrico/progettoBasi/tomcat/webapps/ROOT
lug 06, 2014 1:31:24 AM org.apache.catalina.startup.SetContextPropertiesRule begin
Avvertenza: [SetContextPropertiesRule]{Context} Setting property 'isInvokerEnabled' to 'true' did not find a matching property.
lug 06, 2014 1:31:24 AM org.apache.catalina.startup.HostConfig deployDirectory
Informazioni: Deploying web application directory /home/enrico/progettoBasi/tomcat/webapps/medicina
lug 06, 2014 1:31:24 AM org.apache.catalina.startup.SetContextPropertiesRule begin
Avvertenza: [SetContextPropertiesRule]{Context} Setting property 'isInvokerEnabled' to 'true' did not find a matching property.
lug 06, 2014 1:31:24 AM org.apache.coyote.AbstractProtocol start
Informazioni: Starting ProtocolHandler ["http-bio-8080"]
lug 06, 2014 1:31:24 AM org.apache.coyote.AbstractProtocol start
Informazioni: Starting ProtocolHandler ["ajp-bio-8009"]
lug 06, 2014 1:31:24 AM org.apache.catalina.startup.Catalina start
Informazioni: Server startup in 539 ms
lug 06, 2014 1:32:14 AM org.apache.catalina.core.StandardContext reload
Informazioni: Reloading Context with name [/medicina] has started
lug 06, 2014 1:32:14 AM org.apache.catalina.loader.WebappClassLoader clearReferencesJdbc
Grave: The web application [/medicina] registered the JDBC driver [org.postgresql.Driver] but failed to unregister it when the web application was stopped. To prevent a memory leak, the JDBC Driver has been forcibly unregistered.
lug 06, 2014 1:32:14 AM org.apache.catalina.core.StandardContext reload
Informazioni: Reloading Context with name [/medicina] is completed
lug 06, 2014 1:36:34 AM org.apache.catalina.core.StandardContext reload
Informazioni: Reloading Context with name [/medicina] has started
lug 06, 2014 1:36:34 AM org.apache.catalina.loader.WebappClassLoader clearReferencesJdbc
Grave: The web application [/medicina] registered the JDBC driver [org.postgresql.Driver] but failed to unregister it when the web application was stopped. To prevent a memory leak, the JDBC Driver has been forcibly unregistered.
lug 06, 2014 1:36:35 AM org.apache.catalina.core.StandardContext reload
Informazioni: Reloading Context with name [/medicina] is completed
lug 06, 2014 1:37:15 AM org.apache.catalina.core.StandardContext reload
Informazioni: Reloading Context with name [/medicina] has started
lug 06, 2014 1:37:15 AM org.apache.catalina.loader.WebappClassLoader clearReferencesJdbc
Grave: The web application [/medicina] registered the JDBC driver [org.postgresql.Driver] but failed to unregister it when the web application was stopped. To prevent a memory leak, the JDBC Driver has been forcibly unregistered.
lug 06, 2014 1:37:15 AM org.apache.catalina.core.StandardContext reload
Informazioni: Reloading Context with name [/medicina] is completed
lug 06, 2014 1:37:55 AM org.apache.catalina.core.StandardContext reload
Informazioni: Reloading Context with name [/medicina] has started
lug 06, 2014 1:37:55 AM org.apache.catalina.loader.WebappClassLoader clearReferencesJdbc
Grave: The web application [/medicina] registered the JDBC driver [org.postgresql.Driver] but failed to unregister it when the web application was stopped. To prevent a memory leak, the JDBC Driver has been forcibly unregistered.
lug 06, 2014 1:37:55 AM org.apache.catalina.core.StandardContext reload
Informazioni: Reloading Context with name [/medicina] is completed
lug 06, 2014 1:42:05 AM org.apache.catalina.core.StandardContext reload
Informazioni: Reloading Context with name [/medicina] has started
lug 06, 2014 1:42:05 AM org.apache.catalina.loader.WebappClassLoader clearReferencesJdbc
Grave: The web application [/medicina] registered the JDBC driver [org.postgresql.Driver] but failed to unregister it when the web application was stopped. To prevent a memory leak, the JDBC Driver has been forcibly unregistered.
lug 06, 2014 1:42:05 AM org.apache.catalina.core.StandardContext reload
Informazioni: Reloading Context with name [/medicina] is completed
lug 06, 2014 1:50:35 AM org.apache.catalina.core.StandardContext reload
Informazioni: Reloading Context with name [/medicina] has started
lug 06, 2014 1:50:35 AM org.apache.catalina.loader.WebappClassLoader clearReferencesJdbc
Grave: The web application [/medicina] registered the JDBC driver [org.postgresql.Driver] but failed to unregister it when the web application was stopped. To prevent a memory leak, the JDBC Driver has been forcibly unregistered.
lug 06, 2014 1:50:35 AM org.apache.catalina.core.StandardContext reload
Informazioni: Reloading Context with name [/medicina] is completed
